(0000) 3000  0011000000000000 (  14)                 .ORIG x3000
(3000) 4880  0100100010000000 (  16)                 JSR   GETDATA
(3001) 3246  0011001001000110 (  17)                 ST    R1 FIRST
(3002) 5B60  0101101101100000 (  18)                 AND   R5 R5 #0
(3003) 487D  0100100001111101 (  19)                 JSR   GETDATA
(3004) 3244  0011001001000100 (  20)                 ST    R1 SECOND
(3005) E04B  1110000001001011 (  21)                 LEA   R0 OP_PROMPT
(3006) F022  1111000000100010 (  22)                 TRAP  x22
(3007) F020  1111000000100000 (  23)                 TRAP  x20
(3008) F021  1111000000100001 (  24)                 TRAP  x21
(3009) 3040  0011000001000000 (  25)                 ST    R0 CHOOSE
(300A) 20AC  0010000010101100 (  26)                 LD    R0 LF
(300B) F021  1111000000100001 (  27)                 TRAP  x21
(300C) 20A9  0010000010101001 (  28)                 LD    R0 CR
(300D) F021  1111000000100001 (  29)                 TRAP  x21
(300E) 2A39  0010101000111001 (  30)                 LD    R5 FIRST
(300F) 2239  0010001000111001 (  31)                 LD    R1 SECOND
(3010) 2039  0010000000111001 (  32)                 LD    R0 CHOOSE
(3011) 1006  0001000000000110 (  33)                 ADD   R0 R0 R6
(3012) 0205  0000001000000101 (  34)                 BRP   CALL_DIV
(3013) 48A4  0100100010100100 (  35)                 JSR   MULT
(3014) 5020  0101000000100000 (  36)                 AND   R0 R0 #0
(3015) 10C0  0001000011000000 (  37)                 ADD   R0 R3 R0
(3016) 4806  0100100000000110 (  38)                 JSR   MULT_ANS
(3017) 0E2F  0000111000101111 (  39)                 BRNZP STOPFORREAL
(3018) 48A7  0100100010100111 (  40) CALL_DIV        JSR   DIVIDE
(3019) 2C7E  0010110001111110 (  41)                 LD    R6 THIRTY
(301A) 202F  0010000000101111 (  42)                 LD    R0 CHOOSE
(301B) 1006  0001000000000110 (  43)                 ADD   R0 R0 R6
(301C) 0222  0000001000100010 (  44)                 BRP   DIV_ANS
(301D) 204C  0010000001001100 (  45) MULT_ANS        LD    R0 ANSWER
(301E) 3629  0011011000101001 (  46)                 ST    R3 FIRST
(301F) 2A2E  0010101000101110 (  47)                 LD    R5 NTHOUSAND
(3020) 1005  0001000000000101 (  48)                 ADD   R0 R0 R5
(3021) F021  1111000000100001 (  49)                 TRAP  x21
(3022) 080E  0000100000001110 (  50)                 BRN   BIGNUMBER
(3023) 2C2C  0010110000101100 (  51) BWAH            LD    R6 HUNDRED
(3024) 3C24  0011110000100100 (  52)                 ST    R6 SECOND
(3025) 489A  0100100010011010 (  53)                 JSR   DIVIDE
(3026) 2043  0010000001000011 (  54)                 LD    R0 ANSWER
(3027) F021  1111000000100001 (  55)                 TRAP  x21
(3028) 2057  0010000001010111 (  56)                 LD    R0 REMAINDER
(3029) 2C6E  0010110001101110 (  57)                 LD    R6 THIRTY
(302A) 1006  0001000000000110 (  58)                 ADD   R0 R0 R6
(302B) 040C  0000010000001100 (  59)                 BRZ   SKIP
(302C) 301B  0011000000011011 (  60)                 ST    R0 FIRST
(302D) 2C69  0010110001101001 (  61)                 LD    R6 TEN
(302E) 3C1A  0011110000011010 (  62)                 ST    R6 SECOND
(302F) 4890  0100100010010000 (  63)                 JSR   DIVIDE
(3030) 0E09  0000111000001001 (  64)                 BRNZP SKIPDONE
(3031) 2C1D  0010110000011101 (  65) BIGNUMBER       LD    R6 THOUSAND
(3032) 3C16  0011110000010110 (  66)                 ST    R6 SECOND
(3033) 488C  0100100010001100 (  67)                 JSR   DIVIDE
(3034) 2035  0010000000110101 (  68)                 LD    R0 ANSWER
(3035) F021  1111000000100001 (  69)                 TRAP  x21
(3036) 3A11  0011101000010001 (  70)                 ST    R5 FIRST
(3037) 0FEB  0000111111101011 (  71)                 BRNZP BWAH
(3038) 2047  0010000001000111 (  72) SKIP            LD    R0 REMAINDER
(3039) 3030  0011000000110000 (  73)                 ST    R0 ANSWER
(303A) 202F  0010000000101111 (  74) SKIPDONE        LD    R0 ANSWER
(303B) F021  1111000000100001 (  75)                 TRAP  x21
(303C) 2043  0010000001000011 (  76)                 LD    R0 REMAINDER
(303D) F021  1111000000100001 (  77)                 TRAP  x21
(303E) 0E08  0000111000001000 (  78)                 BRNZP STOPFORREAL
(303F) E02B  1110000000101011 (  79) DIV_ANS         LEA   R0 ANSWERPROMPT
(3040) F022  1111000000100010 (  80)                 TRAP  x22
(3041) 2028  0010000000101000 (  81)                 LD    R0 ANSWER
(3042) F021  1111000000100001 (  82)                 TRAP  x21
(3043) E02F  1110000000101111 (  83)                 LEA   R0 REMAINDERPROMPT
(3044) F022  1111000000100010 (  84)                 TRAP  x22
(3045) 203A  0010000000111010 (  85)                 LD    R0 REMAINDER
(3046) F021  1111000000100001 (  86)                 TRAP  x21
(3047) F025  1111000000100101 (  90) STOPFORREAL     TRAP  x25
(3048) 0000  0000000000000000 (  92) FIRST           .FILL x0000
(3049) 0000  0000000000000000 (  93) SECOND          .FILL x0000
(304A) 0000  0000000000000000 (  94) CHOOSE          .FILL x0000
(304B) 0000  0000000000000000 (  95) HUNDRETH        .FILL x0000
(304C) 0000  0000000000000000 (  96) TENTH           .FILL x0000
(304D) 0000  0000000000000000 (  97) ONE             .FILL x0000
(304E) FC18  1111110000011000 (  97) NTHOUSAND       .FILL xFC18
(304F) 03E8  0000001111101000 (  98) THOUSAND        .FILL x03E8
(3050) 0064  0000000001100100 (  99) HUNDRED         .FILL x0064
(3051) 0030  0000000000110000 ( 100) OP_PROMPT       .FILL x0030
(3052) 0029  0000000000101001 ( 100)                 .FILL x0029
(3053) 0020  0000000000100000 ( 100)                 .FILL x0020
(3054) 004D  0000000001001101 ( 100)                 .FILL x004D
(3055) 0075  0000000001110101 ( 100)                 .FILL x0075
(3056) 006C  0000000001101100 ( 100)                 .FILL x006C
(3057) 0074  0000000001110100 ( 100)                 .FILL x0074
(3058) 0069  0000000001101001 ( 100)                 .FILL x0069
(3059) 0070  0000000001110000 ( 100)                 .FILL x0070
(305A) 006C  0000000001101100 ( 100)                 .FILL x006C
(305B) 0079  0000000001111001 ( 100)                 .FILL x0079
(305C) 002C  0000000000101100 ( 100)                 .FILL x002C
(305D) 0020  0000000000100000 ( 100)                 .FILL x0020
(305E) 0031  0000000000110001 ( 100)                 .FILL x0031
(305F) 0029  0000000000101001 ( 100)                 .FILL x0029
(3060) 0020  0000000000100000 ( 100)                 .FILL x0020
(3061) 0044  0000000001000100 ( 100)                 .FILL x0044
(3062) 0069  0000000001101001 ( 100)                 .FILL x0069
(3063) 0076  0000000001110110 ( 100)                 .FILL x0076
(3064) 0069  0000000001101001 ( 100)                 .FILL x0069
(3065) 0064  0000000001100100 ( 100)                 .FILL x0064
(3066) 0065  0000000001100101 ( 100)                 .FILL x0065
(3067) 003A  0000000000111010 ( 100)                 .FILL x003A
(3068) 0020  0000000000100000 ( 100)                 .FILL x0020
(3069) 0000  0000000000000000 ( 100)                 .FILL x0000
(306A) 0000  0000000000000000 ( 102) ANSWER          .FILL x0000
(306B) 0041  0000000001000001 ( 102) ANSWERPROMPT    .FILL x0041
(306C) 004E  0000000001001110 ( 102)                 .FILL x004E
(306D) 0053  0000000001010011 ( 102)                 .FILL x0053
(306E) 0057  0000000001010111 ( 102)                 .FILL x0057
(306F) 0045  0000000001000101 ( 102)                 .FILL x0045
(3070) 0052  0000000001010010 ( 102)                 .FILL x0052
(3071) 003A  0000000000111010 ( 102)                 .FILL x003A
(3072) 0000  0000000000000000 ( 102)                 .FILL x0000
(3073) 0020  0000000000100000 ( 103) REMAINDERPROMPT .FILL x0020
(3074) 0020  0000000000100000 ( 103)                 .FILL x0020
(3075) 0052  0000000001010010 ( 103)                 .FILL x0052
(3076) 0045  0000000001000101 ( 103)                 .FILL x0045
(3077) 004D  0000000001001101 ( 103)                 .FILL x004D
(3078) 0041  0000000001000001 ( 103)                 .FILL x0041
(3079) 0049  0000000001001001 ( 103)                 .FILL x0049
(307A) 004E  0000000001001110 ( 103)                 .FILL x004E
(307B) 0044  0000000001000100 ( 103)                 .FILL x0044
(307C) 0045  0000000001000101 ( 103)                 .FILL x0045
(307D) 0052  0000000001010010 ( 103)                 .FILL x0052
(307E) 003A  0000000000111010 ( 103)                 .FILL x003A
(307F) 0000  0000000000000000 ( 103)                 .FILL x0000
(3080) 0000  0000000000000000 ( 109) REMAINDER       .FILL x0000
(3081) 3E57  0011111001010111 ( 109) GETDATA         ST    R7 TEMP
(3082) 5260  0101001001100000 ( 110)                 AND   R1 R1 #0
(3083) 54A0  0101010010100000 ( 111)                 AND   R2 R2 #0
(3084) E016  1110000000010110 ( 112)                 LEA   R0 PROMPT
(3085) 2C12  0010110000010010 ( 113)                 LD    R6 THIRTY
(3086) F022  1111000000100010 ( 114)                 TRAP  x22
(3087) F020  1111000000100000 ( 115)                 TRAP  x20
(3088) F021  1111000000100001 ( 116)                 TRAP  x21
(3089) 1220  0001001000100000 ( 117)                 ADD   R1 R0 #0
(308A) 1246  0001001001000110 ( 118)                 ADD   R1 R1 R6
(308B) 2A0B  0010101000001011 ( 119)                 LD    R5 TEN
(308C) 482B  0100100000101011 ( 120)                 JSR   MULT
(308D) F020  1111000000100000 ( 121)                 TRAP  x20
(308E) F021  1111000000100001 ( 122)                 TRAP  x21
(308F) 1006  0001000000000110 ( 123)                 ADD   R0 R0 R6
(3090) 1201  0001001000000001 ( 124)                 ADD   R1 R0 R1
(3091) 2024  0010000000100100 ( 125)                 LD    R0 CR
(3092) F021  1111000000100001 ( 126)                 TRAP  x21
(3093) 2023  0010000000100011 ( 127)                 LD    R0 LF
(3094) F021  1111000000100001 ( 128)                 TRAP  x21
(3095) 2E43  0010111001000011 ( 129)                 LD    R7 TEMP
(3096) C1C0  1100000111000000 ( 130)                 RET   
(3097) 000A  0000000000001010 ( 132) TEN             .FILL x000A
(3098) FFD0  1111111111010000 ( 133) THIRTY          .FILL xFFD0
(3099) FFDB  1111111111011011 ( 134) FORTYONE        .FILL xFFDB
(309A) 0030  0000000000110000 ( 135) FORTYEIGHT      .FILL x0030
(309B) 0045  0000000001000101 ( 136) PROMPT          .FILL x0045
(309C) 006E  0000000001101110 ( 136)                 .FILL x006E
(309D) 0074  0000000001110100 ( 136)                 .FILL x0074
(309E) 0065  0000000001100101 ( 136)                 .FILL x0065
(309F) 0072  0000000001110010 ( 136)                 .FILL x0072
(30A0) 0020  0000000000100000 ( 136)                 .FILL x0020
(30A1) 0061  0000000001100001 ( 136)                 .FILL x0061
(30A2) 0020  0000000000100000 ( 136)                 .FILL x0020
(30A3) 0074  0000000001110100 ( 136)                 .FILL x0074
(30A4) 0077  0000000001110111 ( 136)                 .FILL x0077
(30A5) 006F  0000000001101111 ( 136)                 .FILL x006F
(30A6) 0020  0000000000100000 ( 136)                 .FILL x0020
(30A7) 0064  0000000001100100 ( 136)                 .FILL x0064
(30A8) 0069  0000000001101001 ( 136)                 .FILL x0069
(30A9) 0067  0000000001100111 ( 136)                 .FILL x0067
(30AA) 0069  0000000001101001 ( 136)                 .FILL x0069
(30AB) 0074  0000000001110100 ( 136)                 .FILL x0074
(30AC) 0020  0000000000100000 ( 136)                 .FILL x0020
(30AD) 006E  0000000001101110 ( 136)                 .FILL x006E
(30AE) 0075  0000000001110101 ( 136)                 .FILL x0075
(30AF) 006D  0000000001101101 ( 136)                 .FILL x006D
(30B0) 0062  0000000001100010 ( 136)                 .FILL x0062
(30B1) 0065  0000000001100101 ( 136)                 .FILL x0065
(30B2) 0072  0000000001110010 ( 136)                 .FILL x0072
(30B3) 003A  0000000000111010 ( 136)                 .FILL x003A
(30B4) 0020  0000000000100000 ( 136)                 .FILL x0020
(30B5) 0000  0000000000000000 ( 136)                 .FILL x0000
(30B6) 000D  0000000000001101 ( 137) CR              .FILL x000D
(30B7) 000A  0000000000001010 ( 138) LF              .FILL x000A
(30B8) 56E0  0101011011100000 ( 143) MULT            AND   R3 R3 #0
(30B9) 16C1  0001011011000001 ( 144) AGAIN           ADD   R3 R3 R1
(30BA) 1B7F  0001101101111111 ( 145)                 ADD   R5 R5 #-1
(30BB) 03FD  0000001111111101 ( 146)                 BRP   AGAIN
(30BC) 5260  0101001001100000 ( 147)                 AND   R1 R1 #0
(30BD) 12E0  0001001011100000 ( 148)                 ADD   R1 R3 #0
(30BE) 37AB  0011011110101011 ( 149)                 ST    R3 ANSWER
(30BF) C1C0  1100000111000000 ( 150)                 RET   
(30C0) 3E18  0011111000011000 ( 157) DIVIDE          ST    R7 TEMP
(30C1) 2387  0010001110000111 ( 158)                 LD    R1 SECOND
(30C2) 2B85  0010101110000101 ( 159)                 LD    R5 FIRST
(30C3) 947F  1001010001111111 ( 160)                 NOT   R2 R1
(30C4) 14A1  0001010010100001 ( 161)                 ADD   R2 R2 #1
(30C5) 56E0  0101011011100000 ( 162)                 AND   R3 R3 #0
(30C6) 5920  0101100100100000 ( 163)                 AND   R4 R4 #0
(30C7) 1B42  0001101101000010 ( 165) SUB_AGAIN       ADD   R5 R5 R2
(30C8) 0601  0000011000000001 ( 166)                 BRZP  INC_ANSWER
(30C9) 0E05  0000111000000101 ( 167)                 BRNZP FIX_REMAIN
(30CA) 16E1  0001011011100001 ( 169) INC_ANSWER      ADD   R3 R3 #1
(30CB) 5920  0101100100100000 ( 170)                 AND   R4 R4 #0
(30CC) 1960  0001100101100000 ( 171)                 ADD   R4 R5 #0
(30CD) 03F9  0000001111111001 ( 172)                 BRP   SUB_AGAIN
(30CE) 0E00  0000111000000000 ( 173)                 BRNZP FIX_REMAIN
(30CF) 5B60  0101101101100000 ( 177) FIX_REMAIN      AND   R5 R5 #0
(30D0) 1B20  0001101100100000 ( 178)                 ADD   R5 R4 #0
(30D1) 3BAE  0011101110101110 ( 179)                 ST    R5 REMAINDER
(30D2) 2DC7  0010110111000111 ( 180)                 LD    R6 FORTYEIGHT
(30D3) 16C6  0001011011000110 ( 181)                 ADD   R3 R3 R6
(30D4) 1B46  0001101101000110 ( 182)                 ADD   R5 R5 R6
(30D5) 3BAA  0011101110101010 ( 183)                 ST    R5 REMAINDER
(30D6) 3793  0011011110010011 ( 184)                 ST    R3 ANSWER
(30D7) 2E01  0010111000000001 ( 185)                 LD    R7 TEMP
(30D8) C1C0  1100000111000000 ( 186)                 RET   
(30D9) 0000  0000000000000000 ( 191) TEMP            .FILL x0000
